{
  "stats": {
    "suites": 1,
    "tests": 6,
    "passes": 5,
    "pending": 0,
    "failures": 1,
    "start": "2025-05-28T22:21:31.492Z",
    "end": "2025-05-28T22:22:11.071Z",
    "duration": 39579,
    "testsRegistered": 6,
    "passPercent": 83.33333333333334,
    "pendingPercent": 0,
    "other": 0,
    "hasOther": false,
    "skipped": 0,
    "hasSkipped": false
  },
  "results": [
    {
      "uuid": "ed120c98-17cc-412a-903e-4bfeee18a951",
      "title": "",
      "fullFile": "cypress\\e2e\\projetosSpec.cy.js",
      "file": "cypress\\e2e\\projetosSpec.cy.js",
      "beforeHooks": [],
      "afterHooks": [],
      "tests": [],
      "suites": [
        {
          "uuid": "a26b7e82-813f-46c8-8e9b-e6ca4238ffc1",
          "title": "Testes relacionado aos projetos",
          "fullFile": "",
          "file": "",
          "beforeHooks": [],
          "afterHooks": [],
          "tests": [
            {
              "title": "Criar um projeto com aluno não cadastrado",
              "fullTitle": "Testes relacionado aos projetos Criar um projeto com aluno não cadastrado",
              "timedOut": null,
              "duration": 3029,
              "state": "passed",
              "speed": "fast",
              "pass": true,
              "fail": false,
              "pending": false,
              "context": null,
              "code": "cy.visit('https://confianopai.com/login');\ncy.get(':nth-child(2) > .sc-ktwOfi').type('gustavom@');\ncy.get(':nth-child(3) > .sc-ktwOfi').type('123');\ncy.get('.sc-csKJxZ').click();\ncy.get('.sc-jdHILj').click();\ncy.get('[href=\"/adm/add-projeto/cadastro\"]').click();\ncy.get(':nth-child(2) > :nth-child(2) > .sc-hsaIUA').type('alunoinexistente');\ncy.get('.sc-dXNkBG').click();\ncy.get('.Toastify__toast-body > :nth-child(2)').should(\"contain.text\", \"Erro ao buscar o nome do membro. Verifique o email e tente novamente.\");",
              "err": {},
              "uuid": "ce9a9866-703b-492a-ae26-61e66db3066b",
              "parentUUID": "a26b7e82-813f-46c8-8e9b-e6ca4238ffc1",
              "isHook": false,
              "skipped": false
            },
            {
              "title": "Criar um projeto só com orientador",
              "fullTitle": "Testes relacionado aos projetos Criar um projeto só com orientador",
              "timedOut": null,
              "duration": 3474,
              "state": "passed",
              "speed": "fast",
              "pass": true,
              "fail": false,
              "pending": false,
              "context": null,
              "code": "cy.visit('https://confianopai.com/login');\ncy.get(':nth-child(2) > .sc-ktwOfi').type('gustavom@');\ncy.get(':nth-child(3) > .sc-ktwOfi').type('123');\ncy.get('.sc-csKJxZ').click();\ncy.get('[href=\"/adm/novo-usuario\"]').click();\nlet info = cadastroOrientador();\ncy.get('[href=\"/adm/projetos\"]').click();\ncy.get('.sc-jdHILj').click();\ncy.get('[href=\"/adm/add-projeto/cadastro\"]').click();\ncy.get(':nth-child(6) > :nth-child(2) > .sc-hsaIUA').type(info[1]);\ncy.get('.sc-fYrVWQ > .sc-hsaIUA').type('Projeto de teste');\ncy.get('.sc-dXNkBG').click();\ncy.get('.sc-eGgGjL > :nth-child(1)').click();\ncy.get('.Toastify__toast-body > :nth-child(2)').should(\"contain.text\", \"Por favor, adicione pelo menos um integrante.\");",
              "err": {},
              "uuid": "9b90674e-7920-46de-b567-69d070ba51a7",
              "parentUUID": "a26b7e82-813f-46c8-8e9b-e6ca4238ffc1",
              "isHook": false,
              "skipped": false
            },
            {
              "title": "Criar um projeto com sucesso",
              "fullTitle": "Testes relacionado aos projetos Criar um projeto com sucesso",
              "timedOut": null,
              "duration": 5949,
              "state": "passed",
              "speed": "medium",
              "pass": true,
              "fail": false,
              "pending": false,
              "context": null,
              "code": "cy.visit('https://confianopai.com/login');\ncy.get(':nth-child(2) > .sc-ktwOfi').type('gustavom@');\ncy.get(':nth-child(3) > .sc-ktwOfi').type('123');\ncy.get('.sc-csKJxZ').click();\ncy.get('[href=\"/adm/novo-usuario\"]').click();\nlet info1 = cadastroOrientador();\ncy.visit('https://confianopai.com/login');\ncy.get('[href=\"/adm/novo-usuario\"]').click();\nlet info2 = cadastroAluno();\ncy.get('[href=\"/adm/projetos\"]').click();\ncy.get('.sc-jdHILj').click();\ncy.get('[href=\"/adm/add-projeto/cadastro\"]').click();\ncy.get(':nth-child(2) > :nth-child(2) > .sc-hsaIUA').type(info2[1]);\ncy.get('.sc-fYrVWQ > .sc-hsaIUA').type('Projeto de teste' + info2[0]);\ncy.get(':nth-child(6) > :nth-child(2) > .sc-hsaIUA').type(info1[1]);\ncy.get(':nth-child(1) > .sc-bZTyFN > .sc-hlqirL').select(\"Com pendência\");\ncy.get(':nth-child(2) > .sc-bZTyFN > .sc-hlqirL').select(\"Outro\");\ncy.get('.sc-eGgGjL > :nth-child(1)').click();\ncy.get('.Toastify__toast-body > :nth-child(2)').should(\"contain.text\", \"Equipe criada com sucesso!\");",
              "err": {},
              "uuid": "4b51ae85-1c50-4139-9644-ab46fc50380e",
              "parentUUID": "a26b7e82-813f-46c8-8e9b-e6ca4238ffc1",
              "isHook": false,
              "skipped": false
            },
            {
              "title": "criar um projeto que ja existe",
              "fullTitle": "Testes relacionado aos projetos criar um projeto que ja existe",
              "timedOut": null,
              "duration": 10058,
              "state": "failed",
              "speed": null,
              "pass": false,
              "fail": true,
              "pending": false,
              "context": null,
              "code": "cy.visit('https://confianopai.com/login');\ncy.get(':nth-child(2) > .sc-ktwOfi').type('gustavom@');\ncy.get(':nth-child(3) > .sc-ktwOfi').type('123');\ncy.get('.sc-csKJxZ').click();\ncy.get('[href=\"/adm/novo-usuario\"]').click();\nlet info1 = cadastroOrientador();\ncy.visit('https://confianopai.com/login');\ncy.get('[href=\"/adm/novo-usuario\"]').click();\nlet info2 = cadastroAluno();\ncy.get('[href=\"/adm/projetos\"]').click();\ncy.get('.sc-jdHILj').click();\ncy.get('[href=\"/adm/add-projeto/cadastro\"]').click();\ncy.get(':nth-child(2) > :nth-child(2) > .sc-hsaIUA').type(info2[1]);\ncy.get('.sc-fYrVWQ > .sc-hsaIUA').type('Projeto de teste' + info2[0]);\ncy.get(':nth-child(6) > :nth-child(2) > .sc-hsaIUA').type(info1[1]);\ncy.get(':nth-child(1) > .sc-bZTyFN > .sc-hlqirL').select(\"Com pendência\");\ncy.get(':nth-child(2) > .sc-bZTyFN > .sc-hlqirL').select(\"Outro\");\ncy.get('.sc-eGgGjL > :nth-child(1)').click();\ncy.get('.Toastify__toast-body > :nth-child(2)').should(\"contain.text\", \"Equipe criada com sucesso!\");\ncy.get('.sc-eGgGjL > :nth-child(1)').click();\ncy.get('.Toastify__toast-body > :nth-child(2)').should(\"not.exist\");",
              "err": {
                "message": "AssertionError: Timed out retrying after 4000ms: Expected [ <div>, 1 more... ] not to exist in the DOM, but it was continuously found.",
                "estack": "AssertionError: Timed out retrying after 4000ms: Expected [ <div>, 1 more... ] not to exist in the DOM, but it was continuously found.\n    at Context.eval (webpack:///./cypress/e2e/projetosSpec.cy.js:75:52)",
                "diff": null
              },
              "uuid": "4c410b4e-cff9-4e38-9dcb-6da8920815bd",
              "parentUUID": "a26b7e82-813f-46c8-8e9b-e6ca4238ffc1",
              "isHook": false,
              "skipped": false
            },
            {
              "title": "Criar um projeto e deletar",
              "fullTitle": "Testes relacionado aos projetos Criar um projeto e deletar",
              "timedOut": null,
              "duration": 8077,
              "state": "passed",
              "speed": "medium",
              "pass": true,
              "fail": false,
              "pending": false,
              "context": null,
              "code": "cy.visit('https://confianopai.com/login');\ncy.get(':nth-child(2) > .sc-ktwOfi').type('gustavom@');\ncy.get(':nth-child(3) > .sc-ktwOfi').type('123');\ncy.get('.sc-csKJxZ').click();\ncy.get('[href=\"/adm/novo-usuario\"]').click();\nlet info1 = cadastroOrientador();\ncy.visit('https://confianopai.com/login');\ncy.get('[href=\"/adm/novo-usuario\"]').click();\nlet info2 = cadastroAluno();\ncy.get('[href=\"/adm/projetos\"]').click();\ncy.get('.sc-jdHILj').click();\ncy.get('[href=\"/adm/add-projeto/cadastro\"]').click();\ncy.get(':nth-child(2) > :nth-child(2) > .sc-hsaIUA').type(info2[1]);\ncy.get('.sc-fYrVWQ > .sc-hsaIUA').type('Projeto de teste' + info2[0]);\ncy.get(':nth-child(6) > :nth-child(2) > .sc-hsaIUA').type(info1[1]);\ncy.get(':nth-child(1) > .sc-bZTyFN > .sc-hlqirL').select(\"Com pendência\");\ncy.get(':nth-child(2) > .sc-bZTyFN > .sc-hlqirL').select(\"Outro\");\ncy.get('.sc-eGgGjL > :nth-child(1)').click();\ncy.get('.Toastify__toast-body > :nth-child(2)').should(\"contain.text\", \"Equipe criada com sucesso!\");\ncy.get('[href=\"/adm/projetos\"]').click();\ncy.get('.sc-ckdEwu').type('Projeto de teste' + info2[0]);\ncy.get('.sc-gjLLEI').click();\ncy.get('.sc-iCKXBC > [viewBox=\"0 0 448 512\"] > path').click();\ncy.get('.sc-cZpZpK > :nth-child(1)').click();\ncy.get('.sc-ckdEwu').type('Projeto de teste' + info2[0]);\ncy.get('.sc-gjLLEI').should(\"not.exist\");",
              "err": {},
              "uuid": "63a1d061-0342-4b32-b877-85029e000b8b",
              "parentUUID": "a26b7e82-813f-46c8-8e9b-e6ca4238ffc1",
              "isHook": false,
              "skipped": false
            },
            {
              "title": "Criar um projeto, deletar intengrantes e salvar projeto",
              "fullTitle": "Testes relacionado aos projetos Criar um projeto, deletar intengrantes e salvar projeto",
              "timedOut": null,
              "duration": 7294,
              "state": "passed",
              "speed": "medium",
              "pass": true,
              "fail": false,
              "pending": false,
              "context": null,
              "code": "cy.visit('https://confianopai.com/login');\ncy.get(':nth-child(2) > .sc-ktwOfi').type('gustavom@');\ncy.get(':nth-child(3) > .sc-ktwOfi').type('123');\ncy.get('.sc-csKJxZ').click();\ncy.get('[href=\"/adm/novo-usuario\"]').click();\nlet info1 = cadastroOrientador();\ncy.visit('https://confianopai.com/login');\ncy.get('[href=\"/adm/novo-usuario\"]').click();\nlet info2 = cadastroAluno();\ncy.get('[href=\"/adm/projetos\"]').click();\ncy.get('.sc-jdHILj').click();\ncy.get('[href=\"/adm/add-projeto/cadastro\"]').click();\ncy.get(':nth-child(2) > :nth-child(2) > .sc-hsaIUA').type(info2[1]);\ncy.get('.sc-fYrVWQ > .sc-hsaIUA').type('Projeto de teste' + info2[0]);\ncy.get(':nth-child(6) > :nth-child(2) > .sc-hsaIUA').type(info1[1]);\ncy.get(':nth-child(1) > .sc-bZTyFN > .sc-hlqirL').select(\"Com pendência\");\ncy.get(':nth-child(2) > .sc-bZTyFN > .sc-hlqirL').select(\"Outro\");\ncy.get('.sc-eGgGjL > :nth-child(1)').click();\ncy.get('.Toastify__toast-body > :nth-child(2)').should(\"contain.text\", \"Equipe criada com sucesso!\");\ncy.get('[href=\"/adm/projetos\"]').click();\ncy.get('.sc-ckdEwu').type('Projeto de teste' + info2[0]);\ncy.get('.sc-gjLLEI').click();\ncy.get(':nth-child(2) > .sc-jiaSqj > .sc-hVcFVo > path').click();\ncy.get('.sc-bbxCgr > :nth-child(1)').click();\ncy.get('.iTLMzn > .sc-csKJxZ').click();\ncy.get('.Toastify__toast-body > :nth-child(2)').should(\"contain.text\", \"Erro ao atualizar o projeto. Por favor, tente novamente.\");",
              "err": {},
              "uuid": "70944d4a-5b8d-491b-a34a-1815f9dca643",
              "parentUUID": "a26b7e82-813f-46c8-8e9b-e6ca4238ffc1",
              "isHook": false,
              "skipped": false
            }
          ],
          "suites": [],
          "passes": [
            "ce9a9866-703b-492a-ae26-61e66db3066b",
            "9b90674e-7920-46de-b567-69d070ba51a7",
            "4b51ae85-1c50-4139-9644-ab46fc50380e",
            "63a1d061-0342-4b32-b877-85029e000b8b",
            "70944d4a-5b8d-491b-a34a-1815f9dca643"
          ],
          "failures": [
            "4c410b4e-cff9-4e38-9dcb-6da8920815bd"
          ],
          "pending": [],
          "skipped": [],
          "duration": 37881,
          "root": false,
          "rootEmpty": false,
          "_timeout": 2000
        }
      ],
      "passes": [],
      "failures": [],
      "pending": [],
      "skipped": [],
      "duration": 0,
      "root": true,
      "rootEmpty": true,
      "_timeout": 2000
    }
  ],
  "meta": {
    "mocha": {
      "version": "7.2.0"
    },
    "mochawesome": {
      "options": {
        "quiet": false,
        "reportFilename": "mochawesome",
        "saveHtml": true,
        "saveJson": true,
        "consoleReporter": "spec",
        "useInlineDiffs": false,
        "code": true
      },
      "version": "7.1.3"
    },
    "marge": {
      "options": null,
      "version": "6.2.0"
    }
  }
}