{
  "stats": {
    "suites": 1,
    "tests": 6,
    "passes": 6,
    "pending": 0,
    "failures": 0,
    "start": "2025-05-29T00:12:42.406Z",
    "end": "2025-05-29T00:12:58.940Z",
    "duration": 16534,
    "testsRegistered": 6,
    "passPercent": 100,
    "pendingPercent": 0,
    "other": 0,
    "hasOther": false,
    "skipped": 0,
    "hasSkipped": false
  },
  "results": [
    {
      "uuid": "bb17b916-9c4a-4b0b-af06-2d84f848e5b6",
      "title": "",
      "fullFile": "cypress\\e2e\\alunoSpec.cy.js",
      "file": "cypress\\e2e\\alunoSpec.cy.js",
      "beforeHooks": [],
      "afterHooks": [],
      "tests": [],
      "suites": [
        {
          "uuid": "1b1c5d34-e28b-4322-aad0-d069d400eb0a",
          "title": "Testes Aluno",
          "fullFile": "",
          "file": "",
          "beforeHooks": [],
          "afterHooks": [],
          "tests": [
            {
              "title": "Criação de um Aluno com sucesso",
              "fullTitle": "Testes Aluno Criação de um Aluno com sucesso",
              "timedOut": null,
              "duration": 3648,
              "state": "passed",
              "speed": "fast",
              "pass": true,
              "fail": false,
              "pending": false,
              "context": null,
              "code": "let hora = new Date().getHours().toString();\nlet minuto = new Date().getMinutes().toString();\nlet seg = new Date().getSeconds().toString();\nlet id = hora + minuto + seg + \"ID\";\nlet email = hora + minuto + seg + \"Email@gmail.com\";\nlet senha = hora + minuto + seg + \"Senha\";\n//let info = [id, senha]\ncy.visit('https://confianopai.com/login');\ncy.get(':nth-child(2) > .sc-ktwOfi').type(\"gustavom@\");\ncy.get(':nth-child(3) > .sc-ktwOfi').type(\"123\");\ncy.get('.sc-csKJxZ').click();\ncy.get('[href=\"/adm/novo-usuario\"]').click();\ncy.get('.sc-dsAqUS').select('Aluno');\ncy.get(':nth-child(1) > .sc-bqOYya > .sc-gHjVMF').type(id);\ncy.get(':nth-child(2) > .sc-bqOYya > .sc-gHjVMF').type(email);\ncy.get(':nth-child(3) > .sc-bqOYya > .sc-gHjVMF').type(senha);\ncy.get(':nth-child(4) > .sc-irLvIq > .sc-csKJxZ').click();\ncy.get('.Toastify__toast-body > :nth-child(2)').should(\"contain.text\", \"Usuário criado com sucesso!\");",
              "err": {},
              "uuid": "668ac281-8f78-4195-b9a6-7c7f002792aa",
              "parentUUID": "1b1c5d34-e28b-4322-aad0-d069d400eb0a",
              "isHook": false,
              "skipped": false
            },
            {
              "title": "Teste de Logar Aluno",
              "fullTitle": "Testes Aluno Teste de Logar Aluno",
              "timedOut": null,
              "duration": 4256,
              "state": "passed",
              "speed": "fast",
              "pass": true,
              "fail": false,
              "pending": false,
              "context": null,
              "code": "let infos = criarAluno();\ncy.get('.Toastify__close-button > svg').click();\ncy.get('.sc-fHejqy > .sc-irLvIq > .sc-csKJxZ').click();\ncy.get(':nth-child(2) > .sc-ktwOfi').type(infos[0]);\ncy.get(':nth-child(3) > .sc-ktwOfi').type(infos[2]);\ncy.get('.sc-csKJxZ').click();",
              "err": {},
              "uuid": "317eff22-614a-469e-b443-39d3e46457ca",
              "parentUUID": "1b1c5d34-e28b-4322-aad0-d069d400eb0a",
              "isHook": false,
              "skipped": false
            },
            {
              "title": "Teste de Criar Aluno sem Usuario",
              "fullTitle": "Testes Aluno Teste de Criar Aluno sem Usuario",
              "timedOut": null,
              "duration": 2014,
              "state": "passed",
              "speed": "fast",
              "pass": true,
              "fail": false,
              "pending": false,
              "context": null,
              "code": "let hora = new Date().getHours().toString();\nlet minuto = new Date().getMinutes().toString();\nlet seg = new Date().getSeconds().toString();\nlet id = hora + minuto + seg + \"ID\";\nlet email = hora + minuto + seg + \"Email@gmail.com\";\nlet senha = hora + minuto + seg + \"Senha\";\n//let info = [id, senha]\ncy.visit('https://confianopai.com/login');\ncy.get(':nth-child(2) > .sc-ktwOfi').type(\"gustavom@\");\ncy.get(':nth-child(3) > .sc-ktwOfi').type(\"123\");\ncy.get('.sc-csKJxZ').click();\ncy.get('[href=\"/adm/novo-usuario\"]').click();\ncy.get('.sc-dsAqUS').select('Aluno');\n//cy.get(':nth-child(1) > .sc-bqOYya > .sc-gHjVMF').type(id)\ncy.get(':nth-child(2) > .sc-bqOYya > .sc-gHjVMF').type(email);\ncy.get(':nth-child(3) > .sc-bqOYya > .sc-gHjVMF').type(senha);\ncy.get(':nth-child(4) > .sc-irLvIq > .sc-csKJxZ').click();\ncy.get('.Toastify__toast-body > :nth-child(2)').should(\"not.exist\");",
              "err": {},
              "uuid": "5e4bc80a-ce25-4cc3-bbc7-2f8d291632ad",
              "parentUUID": "1b1c5d34-e28b-4322-aad0-d069d400eb0a",
              "isHook": false,
              "skipped": false
            },
            {
              "title": "Teste de Criar Aluno sem Senha",
              "fullTitle": "Testes Aluno Teste de Criar Aluno sem Senha",
              "timedOut": null,
              "duration": 1891,
              "state": "passed",
              "speed": "fast",
              "pass": true,
              "fail": false,
              "pending": false,
              "context": null,
              "code": "let hora = new Date().getHours().toString();\nlet minuto = new Date().getMinutes().toString();\nlet seg = new Date().getSeconds().toString();\nlet id = hora + minuto + seg + \"ID\";\nlet email = hora + minuto + seg + \"Email@gmail.com\";\nlet senha = hora + minuto + seg + \"Senha\";\n//let info = [id, senha]\ncy.visit('https://confianopai.com/login');\ncy.get(':nth-child(2) > .sc-ktwOfi').type(\"gustavom@\");\ncy.get(':nth-child(3) > .sc-ktwOfi').type(\"123\");\ncy.get('.sc-csKJxZ').click();\ncy.get('[href=\"/adm/novo-usuario\"]').click();\ncy.get('.sc-dsAqUS').select('Aluno');\ncy.get(':nth-child(1) > .sc-bqOYya > .sc-gHjVMF').type(id);\ncy.get(':nth-child(2) > .sc-bqOYya > .sc-gHjVMF').type(email);\n//cy.get(':nth-child(3) > .sc-bqOYya > .sc-gHjVMF').type(senha)\ncy.get(':nth-child(4) > .sc-irLvIq > .sc-csKJxZ').click();\ncy.get('.Toastify__toast-body > :nth-child(2)').should(\"not.exist\");",
              "err": {},
              "uuid": "d2c65d1e-2bc6-49cc-8b47-99b4b9e585bb",
              "parentUUID": "1b1c5d34-e28b-4322-aad0-d069d400eb0a",
              "isHook": false,
              "skipped": false
            },
            {
              "title": "Teste de Criar Aluno sem Email",
              "fullTitle": "Testes Aluno Teste de Criar Aluno sem Email",
              "timedOut": null,
              "duration": 1721,
              "state": "passed",
              "speed": "fast",
              "pass": true,
              "fail": false,
              "pending": false,
              "context": null,
              "code": "let hora = new Date().getHours().toString();\nlet minuto = new Date().getMinutes().toString();\nlet seg = new Date().getSeconds().toString();\nlet id = hora + minuto + seg + \"ID\";\nlet email = hora + minuto + seg + \"Email@gmail.com\";\nlet senha = hora + minuto + seg + \"Senha\";\n//let info = [id, senha]\ncy.visit('https://confianopai.com/login');\ncy.get(':nth-child(2) > .sc-ktwOfi').type(\"gustavom@\");\ncy.get(':nth-child(3) > .sc-ktwOfi').type(\"123\");\ncy.get('.sc-csKJxZ').click();\ncy.get('[href=\"/adm/novo-usuario\"]').click();\ncy.get('.sc-dsAqUS').select('Aluno');\ncy.get(':nth-child(1) > .sc-bqOYya > .sc-gHjVMF').type(id);\n//cy.get(':nth-child(2) > .sc-bqOYya > .sc-gHjVMF').type(email)\ncy.get(':nth-child(3) > .sc-bqOYya > .sc-gHjVMF').type(senha);\ncy.get(':nth-child(4) > .sc-irLvIq > .sc-csKJxZ').click();\ncy.get('.Toastify__toast-body > :nth-child(2)').should(\"not.exist\");",
              "err": {},
              "uuid": "78bb093b-ab49-4b21-9d9e-b97778f89a33",
              "parentUUID": "1b1c5d34-e28b-4322-aad0-d069d400eb0a",
              "isHook": false,
              "skipped": false
            },
            {
              "title": "Teste de Criar Aluno sem Passar Nada",
              "fullTitle": "Testes Aluno Teste de Criar Aluno sem Passar Nada",
              "timedOut": null,
              "duration": 1366,
              "state": "passed",
              "speed": "fast",
              "pass": true,
              "fail": false,
              "pending": false,
              "context": null,
              "code": "let hora = new Date().getHours().toString();\nlet minuto = new Date().getMinutes().toString();\nlet seg = new Date().getSeconds().toString();\nlet id = hora + minuto + seg + \"ID\";\nlet email = hora + minuto + seg + \"Email@gmail.com\";\nlet senha = hora + minuto + seg + \"Senha\";\n//let info = [id, senha]\ncy.visit('https://confianopai.com/login');\ncy.get(':nth-child(2) > .sc-ktwOfi').type(\"gustavom@\");\ncy.get(':nth-child(3) > .sc-ktwOfi').type(\"123\");\ncy.get('.sc-csKJxZ').click();\ncy.get('[href=\"/adm/novo-usuario\"]').click();\ncy.get('.sc-dsAqUS').select('Aluno');\n//cy.get(':nth-child(1) > .sc-bqOYya > .sc-gHjVMF').type(id)\n//cy.get(':nth-child(2) > .sc-bqOYya > .sc-gHjVMF').type(email)\n//cy.get(':nth-child(3) > .sc-bqOYya > .sc-gHjVMF').type(senha)\ncy.get(':nth-child(4) > .sc-irLvIq > .sc-csKJxZ').click();\ncy.get('.Toastify__toast-body > :nth-child(2)').should(\"not.exist\");",
              "err": {},
              "uuid": "b92fad2a-6be6-4416-9796-bf3343ab0947",
              "parentUUID": "1b1c5d34-e28b-4322-aad0-d069d400eb0a",
              "isHook": false,
              "skipped": false
            }
          ],
          "suites": [],
          "passes": [
            "668ac281-8f78-4195-b9a6-7c7f002792aa",
            "317eff22-614a-469e-b443-39d3e46457ca",
            "5e4bc80a-ce25-4cc3-bbc7-2f8d291632ad",
            "d2c65d1e-2bc6-49cc-8b47-99b4b9e585bb",
            "78bb093b-ab49-4b21-9d9e-b97778f89a33",
            "b92fad2a-6be6-4416-9796-bf3343ab0947"
          ],
          "failures": [],
          "pending": [],
          "skipped": [],
          "duration": 14896,
          "root": false,
          "rootEmpty": false,
          "_timeout": 2000
        }
      ],
      "passes": [],
      "failures": [],
      "pending": [],
      "skipped": [],
      "duration": 0,
      "root": true,
      "rootEmpty": true,
      "_timeout": 2000
    }
  ],
  "meta": {
    "mocha": {
      "version": "7.2.0"
    },
    "mochawesome": {
      "options": {
        "quiet": false,
        "reportFilename": "mochawesome",
        "saveHtml": true,
        "saveJson": true,
        "consoleReporter": "spec",
        "useInlineDiffs": false,
        "code": true
      },
      "version": "7.1.3"
    },
    "marge": {
      "options": null,
      "version": "6.2.0"
    }
  }
}