{
  "stats": {
    "suites": 1,
    "tests": 6,
    "passes": 0,
    "pending": 0,
    "failures": 6,
    "start": "2025-05-28T23:44:46.903Z",
    "end": "2025-05-28T23:45:19.152Z",
    "duration": 32249,
    "testsRegistered": 6,
    "passPercent": 0,
    "pendingPercent": 0,
    "other": 0,
    "hasOther": false,
    "skipped": 0,
    "hasSkipped": false
  },
  "results": [
    {
      "uuid": "1a5cc526-8ac2-4d30-8bc3-4526d075d345",
      "title": "",
      "fullFile": "cypress\\e2e\\alunoSpec.cy.js",
      "file": "cypress\\e2e\\alunoSpec.cy.js",
      "beforeHooks": [],
      "afterHooks": [],
      "tests": [],
      "suites": [
        {
          "uuid": "6d739d21-69e9-47d3-92f3-1f52fdb4fe3f",
          "title": "Testes Aluno",
          "fullFile": "",
          "file": "",
          "beforeHooks": [],
          "afterHooks": [],
          "tests": [
            {
              "title": "Criação de um Aluno com sucesso",
              "fullTitle": "Testes Aluno Criação de um Aluno com sucesso",
              "timedOut": null,
              "duration": 5496,
              "state": "failed",
              "speed": null,
              "pass": false,
              "fail": true,
              "pending": false,
              "context": null,
              "code": "let hora = new Date().getHours().toString();\nlet minuto = new Date().getMinutes().toString();\nlet seg = new Date().getSeconds().toString();\nlet id = hora + minuto + seg + \"ID\";\nlet email = hora + minuto + seg + \"Email@gmail.com\";\nlet senha = hora + minuto + seg + \"Senha\";\n//let info = [id, senha]\ncy.visit('https://confianopai.com/login');\ncy.get(':nth-child(2) > .sc-ktwOfi').type(\"gustavom@\");\ncy.get(':nth-child(3) > .sc-ktwOfi').type(\"123\");\ncy.get('.sc-csKJxZ').click();\ncy.get('[href=\"/adm/novo-usuario\"]').click();\ncy.get('.sc-dsAqUS').select('Aluno');\ncy.get(':nth-child(1) > .sc-bqOYya > .sc-gHjVMF').type(id);\ncy.get(':nth-child(2) > .sc-bqOYya > .sc-gHjVMF').type(email);\ncy.get(':nth-child(3) > .sc-bqOYya > .sc-gHjVMF').type(senha);\ncy.get(':nth-child(4) > .sc-irLvIq > .sc-csKJxZ').click();\ncy.get('.Toastify__toast-body > :nth-child(2)').should(\"contain.text\", \"Usuário criado com sucesso!\");",
              "err": {
                "message": "AssertionError: Timed out retrying after 4000ms: Expected to find element: `[href=\"/adm/novo-usuario\"]`, but never found it.",
                "estack": "AssertionError: Timed out retrying after 4000ms: Expected to find element: `[href=\"/adm/novo-usuario\"]`, but never found it.\n    at Context.eval (webpack:///./cypress/e2e/alunoSpec.cy.js:15:7)",
                "diff": null
              },
              "uuid": "dc6baa63-b7c0-4ceb-ae7f-64e82c15b250",
              "parentUUID": "6d739d21-69e9-47d3-92f3-1f52fdb4fe3f",
              "isHook": false,
              "skipped": false
            },
            {
              "title": "Teste de Logar Aluno",
              "fullTitle": "Testes Aluno Teste de Logar Aluno",
              "timedOut": null,
              "duration": 4863,
              "state": "failed",
              "speed": null,
              "pass": false,
              "fail": true,
              "pending": false,
              "context": null,
              "code": "let infos = criarAluno();\ncy.get('.Toastify__close-button > svg').click();\ncy.get('.sc-fHejqy > .sc-irLvIq > .sc-csKJxZ').click();\ncy.get(':nth-child(2) > .sc-ktwOfi').type(infos[0]);\ncy.get(':nth-child(3) > .sc-ktwOfi').type(infos[2]);\ncy.get('.sc-csKJxZ').click();",
              "err": {
                "message": "AssertionError: Timed out retrying after 4000ms: Expected to find element: `[href=\"/adm/novo-usuario\"]`, but never found it.",
                "estack": "AssertionError: Timed out retrying after 4000ms: Expected to find element: `[href=\"/adm/novo-usuario\"]`, but never found it.\n    at criarAluno (webpack:///./cypress/e2e/alunoSpec.cy.js:130:7)\n    at Context.eval (webpack:///./cypress/e2e/alunoSpec.cy.js:24:16)",
                "diff": null
              },
              "uuid": "ba1bd543-72b9-43bb-a665-9eb8adbd52db",
              "parentUUID": "6d739d21-69e9-47d3-92f3-1f52fdb4fe3f",
              "isHook": false,
              "skipped": false
            },
            {
              "title": "Teste de Criar Aluno sem Usuario",
              "fullTitle": "Testes Aluno Teste de Criar Aluno sem Usuario",
              "timedOut": null,
              "duration": 4837,
              "state": "failed",
              "speed": null,
              "pass": false,
              "fail": true,
              "pending": false,
              "context": null,
              "code": "let hora = new Date().getHours().toString();\nlet minuto = new Date().getMinutes().toString();\nlet seg = new Date().getSeconds().toString();\nlet id = hora + minuto + seg + \"ID\";\nlet email = hora + minuto + seg + \"Email@gmail.com\";\nlet senha = hora + minuto + seg + \"Senha\";\n//let info = [id, senha]\ncy.visit('https://confianopai.com/login');\ncy.get(':nth-child(2) > .sc-ktwOfi').type(\"gustavom@\");\ncy.get(':nth-child(3) > .sc-ktwOfi').type(\"123\");\ncy.get('.sc-csKJxZ').click();\ncy.get('[href=\"/adm/novo-usuario\"]').click();\ncy.get('.sc-dsAqUS').select('Aluno');\n//cy.get(':nth-child(1) > .sc-bqOYya > .sc-gHjVMF').type(id)\ncy.get(':nth-child(2) > .sc-bqOYya > .sc-gHjVMF').type(email);\ncy.get(':nth-child(3) > .sc-bqOYya > .sc-gHjVMF').type(senha);\ncy.get(':nth-child(4) > .sc-irLvIq > .sc-csKJxZ').click();\ncy.get('.Toastify__toast-body > :nth-child(2)').should(\"not.exist\");",
              "err": {
                "message": "AssertionError: Timed out retrying after 4000ms: Expected to find element: `[href=\"/adm/novo-usuario\"]`, but never found it.",
                "estack": "AssertionError: Timed out retrying after 4000ms: Expected to find element: `[href=\"/adm/novo-usuario\"]`, but never found it.\n    at Context.eval (webpack:///./cypress/e2e/alunoSpec.cy.js:44:7)",
                "diff": null
              },
              "uuid": "b6b4c519-24f3-4f9f-867b-5ae2984f9da5",
              "parentUUID": "6d739d21-69e9-47d3-92f3-1f52fdb4fe3f",
              "isHook": false,
              "skipped": false
            },
            {
              "title": "Teste de Criar Aluno sem Senha",
              "fullTitle": "Testes Aluno Teste de Criar Aluno sem Senha",
              "timedOut": null,
              "duration": 4809,
              "state": "failed",
              "speed": null,
              "pass": false,
              "fail": true,
              "pending": false,
              "context": null,
              "code": "let hora = new Date().getHours().toString();\nlet minuto = new Date().getMinutes().toString();\nlet seg = new Date().getSeconds().toString();\nlet id = hora + minuto + seg + \"ID\";\nlet email = hora + minuto + seg + \"Email@gmail.com\";\nlet senha = hora + minuto + seg + \"Senha\";\n//let info = [id, senha]\ncy.visit('https://confianopai.com/login');\ncy.get(':nth-child(2) > .sc-ktwOfi').type(\"gustavom@\");\ncy.get(':nth-child(3) > .sc-ktwOfi').type(\"123\");\ncy.get('.sc-csKJxZ').click();\ncy.get('[href=\"/adm/novo-usuario\"]').click();\ncy.get('.sc-dsAqUS').select('Aluno');\ncy.get(':nth-child(1) > .sc-bqOYya > .sc-gHjVMF').type(id);\ncy.get(':nth-child(2) > .sc-bqOYya > .sc-gHjVMF').type(email);\n//cy.get(':nth-child(3) > .sc-bqOYya > .sc-gHjVMF').type(senha)\ncy.get(':nth-child(4) > .sc-irLvIq > .sc-csKJxZ').click();\ncy.get('.Toastify__toast-body > :nth-child(2)').should(\"not.exist\");",
              "err": {
                "message": "AssertionError: Timed out retrying after 4000ms: Expected to find element: `[href=\"/adm/novo-usuario\"]`, but never found it.",
                "estack": "AssertionError: Timed out retrying after 4000ms: Expected to find element: `[href=\"/adm/novo-usuario\"]`, but never found it.\n    at Context.eval (webpack:///./cypress/e2e/alunoSpec.cy.js:65:7)",
                "diff": null
              },
              "uuid": "ffc47071-58bb-4b7d-bd9b-6e254029db12",
              "parentUUID": "6d739d21-69e9-47d3-92f3-1f52fdb4fe3f",
              "isHook": false,
              "skipped": false
            },
            {
              "title": "Teste de Criar Aluno sem Email",
              "fullTitle": "Testes Aluno Teste de Criar Aluno sem Email",
              "timedOut": null,
              "duration": 4835,
              "state": "failed",
              "speed": null,
              "pass": false,
              "fail": true,
              "pending": false,
              "context": null,
              "code": "let hora = new Date().getHours().toString();\nlet minuto = new Date().getMinutes().toString();\nlet seg = new Date().getSeconds().toString();\nlet id = hora + minuto + seg + \"ID\";\nlet email = hora + minuto + seg + \"Email@gmail.com\";\nlet senha = hora + minuto + seg + \"Senha\";\n//let info = [id, senha]\ncy.visit('https://confianopai.com/login');\ncy.get(':nth-child(2) > .sc-ktwOfi').type(\"gustavom@\");\ncy.get(':nth-child(3) > .sc-ktwOfi').type(\"123\");\ncy.get('.sc-csKJxZ').click();\ncy.get('[href=\"/adm/novo-usuario\"]').click();\ncy.get('.sc-dsAqUS').select('Aluno');\ncy.get(':nth-child(1) > .sc-bqOYya > .sc-gHjVMF').type(id);\n//cy.get(':nth-child(2) > .sc-bqOYya > .sc-gHjVMF').type(email)\ncy.get(':nth-child(3) > .sc-bqOYya > .sc-gHjVMF').type(senha);\ncy.get(':nth-child(4) > .sc-irLvIq > .sc-csKJxZ').click();\ncy.get('.Toastify__toast-body > :nth-child(2)').should(\"not.exist\");",
              "err": {
                "message": "AssertionError: Timed out retrying after 4000ms: Expected to find element: `[href=\"/adm/novo-usuario\"]`, but never found it.",
                "estack": "AssertionError: Timed out retrying after 4000ms: Expected to find element: `[href=\"/adm/novo-usuario\"]`, but never found it.\n    at Context.eval (webpack:///./cypress/e2e/alunoSpec.cy.js:86:7)",
                "diff": null
              },
              "uuid": "a4b9b486-7786-495e-bac6-909d5bb927be",
              "parentUUID": "6d739d21-69e9-47d3-92f3-1f52fdb4fe3f",
              "isHook": false,
              "skipped": false
            },
            {
              "title": "Teste de Criar Aluno sem Passar Nada",
              "fullTitle": "Testes Aluno Teste de Criar Aluno sem Passar Nada",
              "timedOut": null,
              "duration": 4872,
              "state": "failed",
              "speed": null,
              "pass": false,
              "fail": true,
              "pending": false,
              "context": null,
              "code": "let hora = new Date().getHours().toString();\nlet minuto = new Date().getMinutes().toString();\nlet seg = new Date().getSeconds().toString();\nlet id = hora + minuto + seg + \"ID\";\nlet email = hora + minuto + seg + \"Email@gmail.com\";\nlet senha = hora + minuto + seg + \"Senha\";\n//let info = [id, senha]\ncy.visit('https://confianopai.com/login');\ncy.get(':nth-child(2) > .sc-ktwOfi').type(\"gustavom@\");\ncy.get(':nth-child(3) > .sc-ktwOfi').type(\"123\");\ncy.get('.sc-csKJxZ').click();\ncy.get('[href=\"/adm/novo-usuario\"]').click();\ncy.get('.sc-dsAqUS').select('Aluno');\n//cy.get(':nth-child(1) > .sc-bqOYya > .sc-gHjVMF').type(id)\n//cy.get(':nth-child(2) > .sc-bqOYya > .sc-gHjVMF').type(email)\n//cy.get(':nth-child(3) > .sc-bqOYya > .sc-gHjVMF').type(senha)\ncy.get(':nth-child(4) > .sc-irLvIq > .sc-csKJxZ').click();\ncy.get('.Toastify__toast-body > :nth-child(2)').should(\"not.exist\");",
              "err": {
                "message": "AssertionError: Timed out retrying after 4000ms: Expected to find element: `[href=\"/adm/novo-usuario\"]`, but never found it.",
                "estack": "AssertionError: Timed out retrying after 4000ms: Expected to find element: `[href=\"/adm/novo-usuario\"]`, but never found it.\n    at Context.eval (webpack:///./cypress/e2e/alunoSpec.cy.js:107:7)",
                "diff": null
              },
              "uuid": "d0dccb86-2ed9-4a69-b75b-ba986f4d756f",
              "parentUUID": "6d739d21-69e9-47d3-92f3-1f52fdb4fe3f",
              "isHook": false,
              "skipped": false
            }
          ],
          "suites": [],
          "passes": [],
          "failures": [
            "dc6baa63-b7c0-4ceb-ae7f-64e82c15b250",
            "ba1bd543-72b9-43bb-a665-9eb8adbd52db",
            "b6b4c519-24f3-4f9f-867b-5ae2984f9da5",
            "ffc47071-58bb-4b7d-bd9b-6e254029db12",
            "a4b9b486-7786-495e-bac6-909d5bb927be",
            "d0dccb86-2ed9-4a69-b75b-ba986f4d756f"
          ],
          "pending": [],
          "skipped": [],
          "duration": 29712,
          "root": false,
          "rootEmpty": false,
          "_timeout": 2000
        }
      ],
      "passes": [],
      "failures": [],
      "pending": [],
      "skipped": [],
      "duration": 0,
      "root": true,
      "rootEmpty": true,
      "_timeout": 2000
    }
  ],
  "meta": {
    "mocha": {
      "version": "7.2.0"
    },
    "mochawesome": {
      "options": {
        "quiet": false,
        "reportFilename": "mochawesome",
        "saveHtml": true,
        "saveJson": true,
        "consoleReporter": "spec",
        "useInlineDiffs": false,
        "code": true
      },
      "version": "7.1.3"
    },
    "marge": {
      "options": null,
      "version": "6.2.0"
    }
  }
}